<?xml version="1.0" encoding="UTF-8"?>
<!-- Generated by org.testng.reporters.JUnitXMLReporter -->
<testsuite hostname="dell-PC" failures="1" tests="1" name="Validating Title" time="9.749" errors="0" timestamp="21 Aug 2019 08:54:45 GMT">
  <testcase classname="Academy.ValidateTitle" name="basePageNavigation" time="0.063">
    <failure type="java.lang.AssertionError" message="expected [FEATURED COURSES11] but found [FEATURED COURSES]">
      <![CDATA[java.lang.AssertionError: expected [FEATURED COURSES11] but found [FEATURED COURSES]
	at Academy.ValidateTitle.basePageNavigation(ValidateTitle.java:31)
... Removed 29 stack frames]]>
    </failure>
  </testcase> <!-- basePageNavigation -->
</testsuite> <!-- Validating Title -->
