<?xml version="1.0" encoding="UTF-8"?>
<!-- Generated by org.testng.reporters.JUnitXMLReporter -->
<testsuite hostname="dell-PC" failures="0" tests="3" name="Test" time="40.688" errors="0" timestamp="20 Aug 2019 14:10:37 GMT">
  <testcase classname="Academy.HomePage" name="basePageNavigation" time="11.316"/>
  <testcase classname="Academy.HomePage" name="basePageNavigation" time="8.401"/>
  <testcase classname="Academy.ValidateTitle" name="basePageNavigation" time="0.09"/>
</testsuite> <!-- Test -->
