<?xml version="1.0" encoding="UTF-8"?>
<testng-results total="3" passed="3" failed="0" skipped="0">
  <reporter-output>
  </reporter-output>
  <suite started-at="2019-08-20T14:21:07Z" name="Suite" finished-at="2019-08-20T14:21:44Z" duration-ms="36329">
    <groups>
    </groups>
    <test started-at="2019-08-20T14:21:07Z" name="Validating User Login" finished-at="2019-08-20T14:21:34Z" duration-ms="26293">
      <class name="Academy.HomePage">
        <test-method is-config="true" signature="initialize()[pri:0, instance:Academy.HomePage@1d483de4]" started-at="2019-08-20T16:21:07Z" name="initialize" finished-at="2019-08-20T16:21:16Z" duration-ms="8397" status="PASS">
          <reporter-output>
          </reporter-output>
        </test-method> <!-- initialize -->
        <test-method signature="basePageNavigation(java.lang.String, java.lang.String, java.lang.String)[pri:0, instance:Academy.HomePage@1d483de4]" started-at="2019-08-20T16:21:16Z" name="basePageNavigation" data-provider="getData" finished-at="2019-08-20T16:21:26Z" duration-ms="10123" status="PASS">
          <params>
            <param index="0">
              <value>
                <![CDATA[abc@gmail.com]]>
              </value>
            </param>
            <param index="1">
              <value>
                <![CDATA[abcdefgh]]>
              </value>
            </param>
            <param index="2">
              <value>
                <![CDATA[aaaa]]>
              </value>
            </param>
          </params>
          <reporter-output>
          </reporter-output>
        </test-method> <!-- basePageNavigation -->
        <test-method signature="basePageNavigation(java.lang.String, java.lang.String, java.lang.String)[pri:0, instance:Academy.HomePage@1d483de4]" started-at="2019-08-20T16:21:26Z" name="basePageNavigation" data-provider="getData" finished-at="2019-08-20T16:21:34Z" duration-ms="7517" status="PASS">
          <params>
            <param index="0">
              <value>
                <![CDATA[xyz@gmail.com]]>
              </value>
            </param>
            <param index="1">
              <value>
                <![CDATA[xyzqwerrr]]>
              </value>
            </param>
            <param index="2">
              <value>
                <![CDATA[sdsf]]>
              </value>
            </param>
          </params>
          <reporter-output>
          </reporter-output>
        </test-method> <!-- basePageNavigation -->
        <test-method is-config="true" signature="closeWindow()[pri:0, instance:Academy.HomePage@1d483de4]" started-at="2019-08-20T16:21:34Z" name="closeWindow" finished-at="2019-08-20T16:21:34Z" duration-ms="235" status="PASS">
          <reporter-output>
          </reporter-output>
        </test-method> <!-- closeWindow -->
      </class> <!-- Academy.HomePage -->
    </test> <!-- Validating User Login -->
    <test started-at="2019-08-20T14:21:34Z" name="Validating Title" finished-at="2019-08-20T14:21:44Z" duration-ms="9991">
      <class name="Academy.ValidateTitle">
        <test-method is-config="true" signature="initialize()[pri:0, instance:Academy.ValidateTitle@40317ba2]" started-at="2019-08-20T16:21:34Z" name="initialize" finished-at="2019-08-20T16:21:42Z" duration-ms="7808" status="PASS">
          <reporter-output>
          </reporter-output>
        </test-method> <!-- initialize -->
        <test-method signature="basePageNavigation()[pri:0, instance:Academy.ValidateTitle@40317ba2]" started-at="2019-08-20T16:21:42Z" name="basePageNavigation" finished-at="2019-08-20T16:21:42Z" duration-ms="93" status="PASS">
          <reporter-output>
          </reporter-output>
        </test-method> <!-- basePageNavigation -->
        <test-method is-config="true" signature="closeWindow()[pri:0, instance:Academy.ValidateTitle@40317ba2]" started-at="2019-08-20T16:21:42Z" name="closeWindow" finished-at="2019-08-20T16:21:44Z" duration-ms="2089" status="PASS">
          <reporter-output>
          </reporter-output>
        </test-method> <!-- closeWindow -->
      </class> <!-- Academy.ValidateTitle -->
    </test> <!-- Validating Title -->
  </suite> <!-- Suite -->
</testng-results>
